<?xml version="1.0" encoding="UTF-8"?>
<!-- Generated by org.testng.reporters.JUnitReportReporter -->
<testsuite name="au.com.testpoint.darktrace.TestRest" tests="1" time="2.959" ignored="0" failures="0" timestamp="04 Jul 2017 02:32:38 GMT" skipped="0" hostname="LAPTOP-E7HIOJTL" errors="0">
  <testcase name="testrest" time="2.959" classname="au.com.testpoint.darktrace.TestRest"/>
</testsuite> <!-- au.com.testpoint.darktrace.TestRest -->
